TN:
SF:script/Counter.s.sol
FN:7,CounterScript.setUp
FNDA:0,CounterScript.setUp
FN:9,CounterScript.run
FNDA:0,CounterScript.run
DA:10,0
DA:10,0
FNF:2
FNH:0
LF:1
LH:0
BRF:0
BRH:0
end_of_record
TN:
SF:src/Rewards.sol
FN:60,Rewards.
FNDA:0,Rewards.
DA:61,0
DA:61,0
DA:62,0
DA:62,0
DA:63,0
DA:63,0
DA:64,0
DA:64,0
DA:65,0
DA:65,0
FN:71,Rewards.setStakingStatus
FNDA:5,Rewards.setStakingStatus
DA:72,5
DA:72,5
BRDA:72,0,0,-
BRDA:72,0,1,5
DA:72,0
DA:73,5
DA:73,5
DA:74,5
DA:74,5
DA:75,5
DA:75,5
DA:75,5
DA:76,5
DA:76,5
FN:83,Rewards.stake
FNDA:2301,Rewards.stake
DA:84,2301
DA:84,2301
BRDA:84,1,0,-
BRDA:84,1,1,2301
DA:84,0
DA:85,2301
DA:85,2301
BRDA:85,2,0,-
BRDA:85,2,1,2301
DA:85,0
DA:87,2301
DA:87,2301
DA:89,2301
DA:89,2301
DA:91,2301
DA:91,2301
DA:91,2301
DA:92,2301
DA:92,2301
DA:93,2301
DA:93,2301
DA:95,2301
DA:95,2301
DA:96,2301
DA:96,2301
DA:98,2301
DA:98,2301
FN:103,Rewards.unstake
FNDA:259,Rewards.unstake
DA:105,259
DA:105,259
DA:106,259
DA:106,259
DA:108,259
DA:108,259
DA:109,259
DA:109,259
DA:110,259
DA:110,259
DA:111,259
DA:111,259
DA:113,1756
DA:113,1756
DA:114,1497
DA:114,1497
DA:116,1497
DA:116,1497
DA:116,1497
DA:116,507
BRDA:116,3,0,990
BRDA:116,3,1,507
DA:117,990
DA:117,990
DA:118,990
DA:118,990
DA:120,507
DA:120,507
DA:123,1497
DA:123,1497
BRDA:123,4,0,1
BRDA:123,4,1,1496
DA:124,1
DA:124,1
DA:125,1496
DA:125,1496
DA:125,1496
BRDA:125,5,0,507
BRDA:125,5,1,1496
DA:126,507
DA:126,507
DA:127,507
DA:127,507
DA:130,1497
DA:130,1497
DA:133,259
DA:133,259
DA:134,259
DA:134,259
DA:135,259
DA:135,259
DA:137,259
DA:137,259
FN:141,Rewards.claim
FNDA:0,Rewards.claim
DA:142,0
DA:142,0
FN:147,Rewards.getClaimAmount
FNDA:259,Rewards.getClaimAmount
DA:148,3078
DA:148,3078
DA:148,3078
DA:148,3078
DA:148,3078
FN:151,Rewards.rewardPerToken
FNDA:0,Rewards.rewardPerToken
DA:152,5638
DA:152,5638
BRDA:152,6,0,1036
BRDA:152,6,1,4602
DA:153,1036
DA:153,1036
DA:156,4602
DA:156,4602
DA:157,4602
DA:157,4602
FN:160,Rewards.lastTimeRewardApplicable
FNDA:0,Rewards.lastTimeRewardApplicable
DA:161,7162
DA:161,7162
DA:161,7162
FN:166,Rewards._updateReward
FNDA:2560,Rewards._updateReward
DA:167,2560
DA:167,2560
DA:168,2560
DA:168,2560
DA:169,2560
DA:169,2560
DA:170,2560
DA:170,2560
FN:173,Rewards._claim
FNDA:259,Rewards._claim
DA:174,259
DA:174,259
DA:174,259
DA:175,259
DA:175,259
DA:176,259
DA:176,259
FN:179,Rewards.getStakeInfo
FNDA:2301,Rewards.getStakeInfo
DA:180,2301
DA:180,2301
FNF:11
FNH:7
LF:57
LH:51
BRF:14
BRH:11
end_of_record
TN:
SF:test/Rewards.t.sol
FN:9,CYDX_TOKEN.
FNDA:10,CYDX_TOKEN.
DA:10,5
DA:10,5
FN:13,CYDX_TOKEN.mint
FNDA:2301,CYDX_TOKEN.mint
DA:14,2301
DA:14,2301
FNF:2
FNH:2
LF:2
LH:2
BRF:0
BRH:0
end_of_record
